[2021-03-16 12:07:36] [info] Start Program:
Path:"D:\\FacultyProjects\\OOP\\ImmobileAdministrator\\out\\build\\x64-Debug\\ImmobileAdministrator.exe"
Arguments:
Working directory: "D:\\FacultyProjects\\OOP\\ImmobileAdministrator\\out\\build\\x64-Debug"
Modules: Selected: * Excluded: 
Sources: Selected: * Excluded: 
Log Level: Normal
Cover Children: 0
Aggregate by file: 1
Continue after C++ exception: 0
Optimized build support: 0
Export: binary C:\Users\Hodosi\AppData\Local\Temp\5d23aiar.zi4 
Input coverage: 
Unified diff: 
Excluded line regular expressions: 
Substitute pdb source paths: 

[2021-03-16 12:07:36] [info] Module: D:\FacultyProjects\OOP\ImmobileAdministrator\out\build\x64-Debug\ImmobileAdministrator.exe is selected because it matches selected pattern: *
[2021-03-16 12:07:36] [info] Module: C:\Windows\System32\ntdll.dll is selected because it matches selected pattern: *
[2021-03-16 12:07:36] [info] Module: C:\Windows\System32\kernel32.dll is selected because it matches selected pattern: *
[2021-03-16 12:07:36] [info] Module: C:\Program Files\AVAST Software\Avast\aswhook.dll is selected because it matches selected pattern: *
[2021-03-16 12:07:36] [info] Module: C:\Windows\System32\KernelBase.dll is selected because it matches selected pattern: *
[2021-03-16 12:07:36] [info] Module: C:\Windows\System32\ucrtbased.dll is selected because it matches selected pattern: *
[2021-03-16 12:07:36] [info] Module: C:\Windows\System32\vcruntime140d.dll is selected because it matches selected pattern: *
[2021-03-16 12:07:39] [info] Module: C:\Windows\System32\kernel.appcore.dll is selected because it matches selected pattern: *
[2021-03-16 12:07:39] [info] Module: C:\Windows\System32\msvcrt.dll is selected because it matches selected pattern: *
[2021-03-16 12:07:39] [info] Module: C:\Windows\System32\rpcrt4.dll is selected because it matches selected pattern: *
[2021-03-16 12:07:39] [info] ----------------------------------------------------
[2021-03-16 12:07:39] [info] Coverage binary generated in file: C:\Users\Hodosi\AppData\Local\Temp\5d23aiar.zi4
[2021-03-16 12:07:39] [info] ----------------------------------------------------
